scanlibrary/build/intermediates/manifest_merge_blame_file/debug/manifest-merger-blame-debug-report.txt
1<?xml version="1.0" encoding="utf-8"?>
2<manifest xmlns:android="http://schemas.android.com/apk/res/android"
3    xmlns:tools="http://schemas.android.com/tools"
4    package="com.scanlibrary" >
5
6    <uses-sdk
6-->src\main\AndroidManifest.xml:5:5-6:42
7        android:minSdkVersion="24"
7-->src\main\AndroidManifest.xml:5:5-6:42
8        android:targetSdkVersion="31"
8-->src\main\AndroidManifest.xml:5:15-44
9        tools:ignore="GradleOverrides" />
9-->src\main\AndroidManifest.xml:6:9-39
10
11    <uses-feature
11-->src\main\AndroidManifest.xml:7:5-9:35
12        android:name="android.hardware.camera"
12-->src\main\AndroidManifest.xml:8:9-47
13        android:required="true" />
13-->src\main\AndroidManifest.xml:9:9-32
14
15    <uses-permission android:name="android.permission.WRITE_EXTERNAL_STORAGE" />
15-->src\main\AndroidManifest.xml:10:5-81
15-->src\main\AndroidManifest.xml:10:22-78
16    <uses-permission android:name="android.permission.CAMERA" />
16-->src\main\AndroidManifest.xml:12:5-65
16-->src\main\AndroidManifest.xml:12:22-62
17    <uses-permission android:name="android.permission.READ_EXTERNAL_STORAGE" />
17-->src\main\AndroidManifest.xml:13:5-80
17-->src\main\AndroidManifest.xml:13:22-77
18    <uses-permission android:name="android.permission.WRITE_EXTERNAL_STORAGE" />
18-->src\main\AndroidManifest.xml:10:5-81
18-->src\main\AndroidManifest.xml:10:22-78
19    <uses-permission android:name="android.permission.MANAGE_EXTERNAL_STORAGE" />
19-->src\main\AndroidManifest.xml:15:5-16:12
19-->src\main\AndroidManifest.xml:15:22-79
20    <uses-permission android:name="androidx.core.content.FileProvider._READ_PERMISSION" />
20-->src\main\AndroidManifest.xml:18:5-91
20-->src\main\AndroidManifest.xml:18:22-88
21
22    <permission
22-->src\main\AndroidManifest.xml:19:5-21:44
23        android:name="androidx.core.content.FileProvider._READ_PERMISSION"
23-->src\main\AndroidManifest.xml:20:9-75
24        android:protectionLevel="normal" />
24-->src\main\AndroidManifest.xml:21:9-41
25
26    <queries>
26-->src\main\AndroidManifest.xml:22:5-24:15
27        <package android:name="com.kweetz" />
27-->src\main\AndroidManifest.xml:23:9-46
27-->src\main\AndroidManifest.xml:23:18-43
28    </queries>
29
30    <application
30-->src\main\AndroidManifest.xml:25:5-49:19
31        android:allowBackup="true"
31-->src\main\AndroidManifest.xml:26:9-35
32        android:hardwareAccelerated="true"
32-->src\main\AndroidManifest.xml:29:9-43
33        android:label="@string/app_name"
33-->src\main\AndroidManifest.xml:30:9-41
34        android:largeHeap="true"
34-->src\main\AndroidManifest.xml:27:9-33
35        android:requestLegacyExternalStorage="true" >
35-->src\main\AndroidManifest.xml:28:9-52
36        <activity
36-->src\main\AndroidManifest.xml:31:9-35:20
37            android:name="com.scanlibrary.ScanActivity"
37-->src\main\AndroidManifest.xml:32:13-41
38            android:configChanges="orientation|screenSize"
38-->src\main\AndroidManifest.xml:33:13-59
39            android:label="@string/app_name" >
39-->src\main\AndroidManifest.xml:34:13-45
40        </activity>
41
42        <provider
42-->src\main\AndroidManifest.xml:38:9-47:20
43            android:name="androidx.core.content.FileProvider"
43-->src\main\AndroidManifest.xml:39:13-62
44            android:authorities="com.kweetz.provider"
44-->src\main\AndroidManifest.xml:40:13-54
45            android:exported="false"
45-->src\main\AndroidManifest.xml:41:13-37
46            android:grantUriPermissions="true" >
46-->src\main\AndroidManifest.xml:42:13-47
47            <meta-data
47-->src\main\AndroidManifest.xml:43:13-46:95
48                android:name="android.support.FILE_PROVIDER_PATHS"
48-->src\main\AndroidManifest.xml:44:17-67
49                android:readPermission="androidx.core.content.FileProvider._READ_PERMISSION"
49-->src\main\AndroidManifest.xml:46:17-93
50                android:resource="@xml/provider_paths" />
50-->src\main\AndroidManifest.xml:45:17-55
51        </provider>
52    </application>
53
54</manifest>